<?xml version="1.0" encoding="UTF-8"?>
<!-- Generated by org.testng.reporters.JUnitXMLReporter -->
<testsuite hostname="BLRWX11087" ignored="0" name="OCE App Testing Firefox" tests="1" failures="1" timestamp="03 Aug 2021 14:39:40 GMT" time="27.752" errors="0">
  <testcase name="loginTest" time="16.135" classname="com.ocesales.testCases.TC_Loging_001">
    <failure type="java.lang.IllegalMonitorStateException">
      <![CDATA[java.lang.IllegalMonitorStateException
at java.lang.Object.wait(Native Method)
at com.ocesales.testCases.TC_Loging_001.loginTest(TC_Loging_001.java:29)
... Removed 25 stack frames]]>
    </failure>
  </testcase> <!-- loginTest -->
</testsuite> <!-- OCE App Testing Firefox -->
