<?xml version="1.0" encoding="UTF-8"?>
<testng-results ignored="0" total="1" passed="1" failed="0" skipped="0">
  <reporter-output>
  </reporter-output>
  <suite started-at="2021-08-03T14:52:25Z" name="OCESales" finished-at="2021-08-03T14:52:52Z" duration-ms="27548">
    <groups>
    </groups>
    <test started-at="2021-08-03T14:52:25Z" name="OCE App Testing chrome" finished-at="2021-08-03T14:52:52Z" duration-ms="27548">
      <class name="com.ocesales.testCases.TC_Loging_001">
        <test-method is-config="true" signature="setup(java.lang.String)[pri:0, instance:com.ocesales.testCases.TC_Loging_001@6356695f]" started-at="2021-08-03T14:52:25Z" name="setup" finished-at="2021-08-03T14:52:35Z" duration-ms="9446" status="PASS">
          <params>
            <param index="0">
              <value>
                <![CDATA[firefox]]>
              </value>
            </param>
          </params>
          <reporter-output>
          </reporter-output>
        </test-method> <!-- setup -->
        <test-method signature="loginTest()[pri:0, instance:com.ocesales.testCases.TC_Loging_001@6356695f]" started-at="2021-08-03T14:52:35Z" name="loginTest" finished-at="2021-08-03T14:52:50Z" duration-ms="15756" status="PASS">
          <reporter-output>
          </reporter-output>
        </test-method> <!-- loginTest -->
        <test-method is-config="true" signature="tearDown()[pri:0, instance:com.ocesales.testCases.TC_Loging_001@6356695f]" started-at="2021-08-03T14:52:50Z" name="tearDown" finished-at="2021-08-03T14:52:52Z" duration-ms="1954" status="PASS">
          <reporter-output>
          </reporter-output>
        </test-method> <!-- tearDown -->
      </class> <!-- com.ocesales.testCases.TC_Loging_001 -->
    </test> <!-- OCE App Testing chrome -->
  </suite> <!-- OCESales -->
</testng-results>
