<?xml version="1.0" encoding="UTF-8"?>
<testng-results skipped="0" failed="0" ignored="0" total="1" passed="1">
  <reporter-output>
  </reporter-output>
  <suite name="OCESales" duration-ms="31067" started-at="2021-08-03T14:50:43Z" finished-at="2021-08-03T14:51:14Z">
    <groups>
    </groups>
    <test name="OCE App Testing chrome" duration-ms="31067" started-at="2021-08-03T14:50:43Z" finished-at="2021-08-03T14:51:14Z">
      <class name="com.ocesales.testCases.TC_Loging_001">
        <test-method status="PASS" signature="setup(java.lang.String)[pri:0, instance:com.ocesales.testCases.TC_Loging_001@31ef45e3]" name="setup" is-config="true" duration-ms="12422" started-at="2021-08-03T14:50:43Z" finished-at="2021-08-03T14:50:56Z">
          <params>
            <param index="0">
              <value>
                <![CDATA[firefox]]>
              </value>
            </param>
          </params>
          <reporter-output>
          </reporter-output>
        </test-method> <!-- setup -->
        <test-method status="PASS" signature="loginTest()[pri:0, instance:com.ocesales.testCases.TC_Loging_001@31ef45e3]" name="loginTest" duration-ms="15914" started-at="2021-08-03T14:50:56Z" finished-at="2021-08-03T14:51:12Z">
          <reporter-output>
          </reporter-output>
        </test-method> <!-- loginTest -->
        <test-method status="PASS" signature="tearDown()[pri:0, instance:com.ocesales.testCases.TC_Loging_001@31ef45e3]" name="tearDown" is-config="true" duration-ms="2420" started-at="2021-08-03T14:51:12Z" finished-at="2021-08-03T14:51:14Z">
          <reporter-output>
          </reporter-output>
        </test-method> <!-- tearDown -->
      </class> <!-- com.ocesales.testCases.TC_Loging_001 -->
    </test> <!-- OCE App Testing chrome -->
  </suite> <!-- OCESales -->
</testng-results>
